Wed Jun 05 15:40:39 PDT 2019 : Apache Derby Network Server - 10.11.1.2 - (1629631) started and ready to accept connections on port 1527
----------------------------------------------------------------
Wed Jun 05 15:40:39 PDT 2019:
Booting Derby version The Apache Software Foundation - Apache Derby - 10.11.1.2 - (1629631): instance a816c00e-016b-29cd-2918-ffffb4cd251e 
on database directory /home/sebastian/Desktop/18B/Assignments/Calculator/CalcResults with class loader sun.misc.Launcher$AppClassLoader@1d44bcfa 
Loaded from file:/home/sebastian/.jdk1.8.0_171/db/lib/derby.jar
java.vendor=Oracle Corporation
java.runtime.version=1.8.0_171-b11
user.dir=/home/sebastian/.jdk1.8.0_171/db
os.name=Linux
os.arch=amd64
os.version=4.18.0-20-generic
derby.system.home=/home/sebastian/Desktop/18B/Assignments/Calculator
Database Class Loader started - derby.database.classpath=''
----------------------------------------------------------------
Wed Jun 05 15:46:03 PDT 2019: Shutting down Derby engine
----------------------------------------------------------------
Wed Jun 05 15:46:03 PDT 2019:
Shutting down instance a816c00e-016b-29cd-2918-ffffb4cd251e on database directory /home/sebastian/Desktop/18B/Assignments/Calculator/CalcResults with class loader sun.misc.Launcher$AppClassLoader@1d44bcfa 
----------------------------------------------------------------
