Wed May 15 21:49:51 PDT 2019 : Apache Derby Network Server - 10.11.1.2 - (1629631) started and ready to accept connections on port 1527
----------------------------------------------------------------
Wed May 15 21:50:20 PDT 2019:
Booting Derby version The Apache Software Foundation - Apache Derby - 10.11.1.2 - (1629631): instance a816c00e-016a-bef9-9f5a-0000323f8057 
on database directory /home/sebastian/Desktop/18B/Assignments/CarsDatabase/db/Cars with class loader sun.misc.Launcher$AppClassLoader@1d44bcfa 
Loaded from file:/home/sebastian/.jdk1.8.0_171/db/lib/derby.jar
java.vendor=Oracle Corporation
java.runtime.version=1.8.0_171-b11
user.dir=/home/sebastian/.jdk1.8.0_171/db
os.name=Linux
os.arch=amd64
os.version=4.18.0-18-generic
derby.system.home=/home/sebastian/Desktop/18B/Assignments/CarsDatabase/db
Database Class Loader started - derby.database.classpath=''
----------------------------------------------------------------
Wed May 15 21:50:21 PDT 2019:
Shutting down instance a816c00e-016a-bef9-9f5a-0000323f8057 on database directory /home/sebastian/Desktop/18B/Assignments/CarsDatabase/db/Cars with class loader sun.misc.Launcher$AppClassLoader@1d44bcfa 
Wed May 15 21:50:21 PDT 2019 Thread[DRDAConnThread_3,5,main] (DATABASE = Cars), (DRDAID = {2}), Database 'Cars' shutdown.
----------------------------------------------------------------
Wed May 15 21:51:12 PDT 2019:
Booting Derby version The Apache Software Foundation - Apache Derby - 10.11.1.2 - (1629631): instance a65c80ac-016a-bef9-9f5a-0000323f8057 
on database directory /home/sebastian/Desktop/18B/Assignments/CarsDatabase/db/Cars with class loader sun.misc.Launcher$AppClassLoader@1d44bcfa 
Loaded from file:/home/sebastian/.jdk1.8.0_171/db/lib/derby.jar
java.vendor=Oracle Corporation
java.runtime.version=1.8.0_171-b11
user.dir=/home/sebastian/.jdk1.8.0_171/db
os.name=Linux
os.arch=amd64
os.version=4.18.0-18-generic
derby.system.home=/home/sebastian/Desktop/18B/Assignments/CarsDatabase/db
Database Class Loader started - derby.database.classpath=''
----------------------------------------------------------------
Wed May 15 21:56:31 PDT 2019: Shutting down Derby engine
----------------------------------------------------------------
Wed May 15 21:56:31 PDT 2019:
Shutting down instance a65c80ac-016a-bef9-9f5a-0000323f8057 on database directory /home/sebastian/Desktop/18B/Assignments/CarsDatabase/db/Cars with class loader sun.misc.Launcher$AppClassLoader@1d44bcfa 
----------------------------------------------------------------
